#
# A fatal error has been detected by the Java Runtime Environment:
#
#  Internal Error (javaClasses.cpp:127), pid=10116, tid=8204
#  fatal error: Invalid layout of preloaded class
#
# JRE version:  (8.0_45-b14) (build )
# Java VM: Java HotSpot(TM) Client VM (25.45-b02 mixed mode windows-x86 )
# Failed to write core dump. Minidumps are not enabled by default on client versions of Windows
#
# If you would like to submit a bug report, please visit:
#   http://bugreport.java.com/bugreport/crash.jsp
#

---------------  T H R E A D  ---------------

Current thread (0x006ac400):  JavaThread "Unknown thread" [_thread_in_vm, id=8204, stack(0x00ad0000,0x00b20000)]

Stack: [0x00ad0000,0x00b20000],  sp=0x00b1f444,  free space=317k
Native frames: (J=compiled Java code, j=interpreted, Vv=VM code, C=native code)
V  [jvm.dll+0x1a4f8b]
V  [jvm.dll+0x19d846]
V  [jvm.dll+0x42269]
V  [jvm.dll+0x4241e]
V  [jvm.dll+0x5193e]
V  [jvm.dll+0xa86ae]
V  [jvm.dll+0xa8972]
V  [jvm.dll+0x154631]
V  [jvm.dll+0x17869b]
V  [jvm.dll+0xe51a1]
C  [javaw.exe+0x14d3]
C  [javaw.exe+0x2047]
C  [javaw.exe+0xadff]
C  [javaw.exe+0xae89]
C  [kernel32.dll+0x4ed6c]
C  [ntdll.dll+0x637eb]
C  [ntdll.dll+0x637be]
C  0x00000000


---------------  P R O C E S S  ---------------

Java Threads: ( => current thread )

Other Threads:

=>0x006ac400 (exited) JavaThread "Unknown thread" [_thread_in_vm, id=8204, stack(0x00ad0000,0x00b20000)]

VM state:not at safepoint (not fully initialized)

VM Mutex/Monitor currently owned by a thread: None

GC Heap History (0 events):
No events

Deoptimization events (0 events):
No events

Internal exceptions (0 events):
No events

Events (10 events):
Event: 0.027 loading class java/lang/CharSequence done
Event: 0.027 loading class java/lang/String done
Event: 0.027 loading class java/lang/Class
Event: 0.027 loading class java/lang/reflect/AnnotatedElement
Event: 0.027 loading class java/lang/reflect/AnnotatedElement done
Event: 0.027 loading class java/lang/reflect/GenericDeclaration
Event: 0.027 loading class java/lang/reflect/GenericDeclaration done
Event: 0.027 loading class java/lang/reflect/Type
Event: 0.028 loading class java/lang/reflect/Type done
Event: 0.028 loading class java/lang/Class done


Dynamic libraries:
0x00cc0000 - 0x00cf3000 	C:\Program Files\Java\jre1.8.0_45\bin\javaw.exe
0x76f60000 - 0x7709c000 	C:\Windows\SYSTEM32\ntdll.dll
0x75770000 - 0x75844000 	C:\Windows\system32\kernel32.dll
0x751e0000 - 0x7522b000 	C:\Windows\system32\KERNELBASE.dll
0x76b20000 - 0x76bc0000 	C:\Windows\system32\ADVAPI32.dll
0x756c0000 - 0x7576c000 	C:\Windows\system32\msvcrt.dll
0x770c0000 - 0x770d9000 	C:\Windows\SYSTEM32\sechost.dll
0x76800000 - 0x768a1000 	C:\Windows\system32\RPCRT4.dll
0x755f0000 - 0x756b9000 	C:\Windows\system32\USER32.dll
0x752d0000 - 0x7531e000 	C:\Windows\system32\GDI32.dll
0x770b0000 - 0x770ba000 	C:\Windows\system32\LPK.dll
0x75a90000 - 0x75b2d000 	C:\Windows\system32\USP10.dll
0x73510000 - 0x736ae000 	C:\Windows\WinSxS\x86_microsoft.windows.common-controls_6595b64144ccf1df_6.0.7601.17514_none_41e6975e2bd6f2b2\COMCTL32.dll
0x75320000 - 0x75377000 	C:\Windows\system32\SHLWAPI.dll
0x770e0000 - 0x770ff000 	C:\Windows\system32\IMM32.DLL
0x76a50000 - 0x76b1c000 	C:\Windows\system32\MSCTF.dll
0x6d8b0000 - 0x6d96f000 	C:\Program Files\Java\jre1.8.0_45\bin\msvcr100.dll
0x62840000 - 0x62c00000 	C:\Program Files\Java\jre1.8.0_45\bin\client\jvm.dll
0x6dbf0000 - 0x6dbf7000 	C:\Windows\system32\WSOCK32.dll
0x75290000 - 0x752c5000 	C:\Windows\system32\WS2_32.dll
0x75a00000 - 0x75a06000 	C:\Windows\system32\NSI.dll
0x72ee0000 - 0x72f12000 	C:\Windows\system32\WINMM.dll
0x744c0000 - 0x744c9000 	C:\Windows\system32\VERSION.dll
0x770a0000 - 0x770a5000 	C:\Windows\system32\PSAPI.DLL
0x72030000 - 0x7203c000 	C:\Program Files\Java\jre1.8.0_45\bin\verify.dll
0x6d9c0000 - 0x6d9e1000 	C:\Program Files\Java\jre1.8.0_45\bin\java.dll
0x6e410000 - 0x6e423000 	C:\Program Files\Java\jre1.8.0_45\bin\zip.dll
0x715b0000 - 0x7169b000 	C:\Windows\system32\dbghelp.dll

VM Arguments:
jvm_args: -Dfile.encoding=UTF-8 -Xbootclasspath:D:\软件\adt-bundle-windows-x86-20140702\sdk\platforms\android-20\android.jar 
java_command: com.android.tengfenxiang.util.test
java_class_path (initial): D:\workspace\Tengfenxiang\bin\classes;D:\workspace\Tengfenxiang\libs\fastjson-1.2.4.jar;D:\workspace\Tengfenxiang\libs\volley.jar;D:\workspace\Tengfenxiang\libs\universal-image-loader-1.9.3.jar;D:\workspace\Tengfenxiang\libs\android-support-v4.jar;D:\workspace\Tengfenxiang\libs\libammsdk.jar;D:\workspace\Tengfenxiang\libs\core.jar;D:\workspace\Tengfenxiang\libs\gson-2.2.4.jar
Launcher Type: SUN_STANDARD

Environment Variables:
PATH=C:/Program Files/Java/jre1.8.0_45/bin/client;C:/Program Files/Java/jre1.8.0_45/bin;C:/Program Files/Java/jre1.8.0_45/lib/i386;C:\ProgramData\Oracle\Java\javapath;C:\Windows\system32;C:\Windows;C:\Windows\System32\Wbem;C:\Windows\System32\WindowsPowerShell\v1.0\;C:\Program Files\ATI Technologies\ATI.ACE\Core-Static;C:\Program Files\Microsoft SQL Server\100\Tools\Binn\;C:\Program Files\Microsoft SQL Server\100\DTS\Binn\;D:\软件\SVN\bin;D:\软件\Rose\common;C:\strawberry\c\bin;C:\strawberry\perl\bin;C:\Program Files\GtkSharp\2.12\bin;C:\Program Files\Windows Kits\8.1\Windows Performance Toolkit\;D:\软件\python2.7;D:\Cocos2d\cocos2d-x-3.6;D:\mysql-5.6.24-win32\bin;D:\软件\adt-bundle-windows-x86-20140702\eclipse;
USERNAME=ccz
OS=Windows_NT
PROCESSOR_IDENTIFIER=x86 Family 6 Model 42 Stepping 7, GenuineIntel



---------------  S Y S T E M  ---------------

OS: Windows 7 Build 7601 (6.1.7601.17932)

CPU:total 4 (2 cores per cpu, 2 threads per core) family 6 model 42 stepping 7, cmov, cx8, fxsr, mmx, sse, sse2, sse3, ssse3, sse4.1, sse4.2, popcnt, avx, clmul, ht, tsc, tscinvbit

Memory: 4k page, physical 3129480k(661628k free), swap 6257208k(2465740k free)

vm_info: Java HotSpot(TM) Client VM (25.45-b02) for windows-x86 JRE (1.8.0_45-b14), built on Apr 10 2015 10:46:40 by "java_re" with MS VC++ 10.0 (VS2010)

time: Sun Dec 20 23:24:01 2015
elapsed time: 0 seconds (0d 0h 0m 0s)

